生成启动时间为 2020/2/7 15:07:51。
     1>项目“C:\Users\64303\documents\visual studio 2012\Projects\tmdaaa\tmdaaa\tmdaaa.vcxproj”在节点 2 上(Build 个目标)。
     1>ClCompile:
         D:\vs2012\VC\bin\CL.exe /c /ZI /nologo /W3 /WX- /Od /Oy- /D _MBCS /Gm /EHsc /RTC1 /MDd /GS /fp:precise /Zc:wchar_t /Zc:forScope /Fo"Debug\\" /Fd"Debug\vc110.pdb" /Gd /TP /analyze- /errorReport:prompt unitTest_bit_rotate.cpp
         unitTest_bit_rotate.cpp
     1>c:\users\64303\documents\visual studio 2012\projects\tmdaaa\tmdaaa\unittest_bit_rotate.cpp(6): warning C4305: “初始化”: 从“unsigned int”到“char”截断
     1>c:\users\64303\documents\visual studio 2012\projects\tmdaaa\tmdaaa\unittest_bit_rotate.cpp(6): warning C4309: “初始化”: 截断常量值
       Link:
         D:\vs2012\VC\bin\link.exe /ERRORREPORT:PROMPT /OUT:"C:\Users\64303\documents\visual studio 2012\Projects\tmdaaa\Debug\tmdaaa.exe" /INCREMENTAL /NOLOGO kernel32.lib user32.lib gdi32.lib winspool.lib comdlg32.lib advapi32.lib shell32.lib ole32.lib oleaut32.lib uuid.lib odbc32.lib odbccp32.lib /MANIFEST /MANIFESTUAC:"level='asInvoker' uiAccess='false'" /manifest:embed /DEBUG /PDB:"C:\Users\64303\documents\visual studio 2012\Projects\tmdaaa\Debug\tmdaaa.pdb" /TLBID:1 /DYNAMICBASE /NXCOMPAT /IMPLIB:"C:\Users\64303\documents\visual studio 2012\Projects\tmdaaa\Debug\tmdaaa.lib" /MACHINE:X86 Debug\inet_aton.obj
         Debug\main.obj
         Debug\bit_rotate.obj
         Debug\str2hex.obj
         Debug\testFrame.obj
         Debug\test_inet_aton.obj
         Debug\unitTest_bit_rotate.obj
         Debug\unitTest_str2hex.obj
         tmdaaa.vcxproj -> C:\Users\64303\documents\visual studio 2012\Projects\tmdaaa\Debug\tmdaaa.exe
     1>已完成生成项目“C:\Users\64303\documents\visual studio 2012\Projects\tmdaaa\tmdaaa\tmdaaa.vcxproj”(Build 个目标)的操作。

生成成功。

已用时间 00:00:01.92
